<?xml version="1.0" encoding="UTF-8"?>
<!-- Generated by org.testng.reporters.JUnitReportReporter -->
<testsuite skipped="0" hostname="ML-HP" name="test.S01_Search" tests="1" failures="0" timestamp="17 aug 2019 15:37:46 GMT" time="15.607" errors="0">
  <testcase name="S01_01_SuccessfulSearch" time="15.607" classname="test.S01_Search"/>
</testsuite> <!-- test.S01_Search -->
